<?xml version="1.0" encoding="UTF-8"?>
<!-- Generated by org.testng.reporters.JUnitXMLReporter -->
<testsuite hostname="Mohammeds-MacBook-Pro.local" failures="0" tests="4" name="Command line test" time="63.834" errors="0" timestamp="21 Jun 2021 09:09:56 GMT">
  <testcase classname="com.browserstack.tests.SampleTest" name="testCase1" time="13.774"/>
  <testcase classname="com.browserstack.tests.SampleTest" name="testCase1" time="14.262"/>
  <testcase classname="com.browserstack.tests.SampleTest" name="testCase1" time="12.32"/>
  <testcase classname="com.browserstack.tests.SampleTest" name="testCase1" time="23.403"/>
</testsuite> <!-- Command line test -->
