<?xml version="1.0" encoding="UTF-8"?>
<testng-results total="4" passed="4" failed="0" skipped="0">
  <reporter-output>
  </reporter-output>
  <suite started-at="2021-06-21T09:08:52Z" name="Command line suite" finished-at="2021-06-21T09:09:56Z" duration-ms="63834">
    <groups>
    </groups>
    <test started-at="2021-06-21T09:08:52Z" name="Command line test" finished-at="2021-06-21T09:09:56Z" duration-ms="63834">
      <class name="com.browserstack.tests.SampleTest">
        <test-method signature="testCase1(org.openqa.selenium.remote.DesiredCapabilities, java.lang.String)[pri:0, instance:com.browserstack.tests.SampleTest@78e94dcf]" started-at="2021-06-21T14:38:52Z" name="testCase1" data-provider="capabilities" finished-at="2021-06-21T14:39:06Z" duration-ms="13774" status="PASS">
          <params>
            <param index="0">
              <value>
                <![CDATA[Capabilities {browser: chrome, browserstack.debug: true, build: sage-pub-demo, name: parallel_test}]]>
              </value>
            </param>
            <param index="1">
              <value>
                <![CDATA[https://www.google.com/]]>
              </value>
            </param>
          </params>
          <reporter-output>
          </reporter-output>
        </test-method> <!-- testCase1 -->
        <test-method signature="testCase1(org.openqa.selenium.remote.DesiredCapabilities, java.lang.String)[pri:0, instance:com.browserstack.tests.SampleTest@78e94dcf]" started-at="2021-06-21T14:39:06Z" name="testCase1" data-provider="capabilities" finished-at="2021-06-21T14:39:20Z" duration-ms="14262" status="PASS">
          <params>
            <param index="0">
              <value>
                <![CDATA[Capabilities {browser: firefox, browserstack.debug: true, build: sage-pub-demo, name: parallel_test}]]>
              </value>
            </param>
            <param index="1">
              <value>
                <![CDATA[https://www.google.com/]]>
              </value>
            </param>
          </params>
          <reporter-output>
          </reporter-output>
        </test-method> <!-- testCase1 -->
        <test-method signature="testCase1(org.openqa.selenium.remote.DesiredCapabilities, java.lang.String)[pri:0, instance:com.browserstack.tests.SampleTest@78e94dcf]" started-at="2021-06-21T14:39:20Z" name="testCase1" data-provider="capabilities" finished-at="2021-06-21T14:39:33Z" duration-ms="12320" status="PASS">
          <params>
            <param index="0">
              <value>
                <![CDATA[Capabilities {browser: safari, browserstack.debug: true, build: sage-pub-demo, name: parallel_test, os: OS X}]]>
              </value>
            </param>
            <param index="1">
              <value>
                <![CDATA[https://www.google.com/]]>
              </value>
            </param>
          </params>
          <reporter-output>
          </reporter-output>
        </test-method> <!-- testCase1 -->
        <test-method signature="testCase1(org.openqa.selenium.remote.DesiredCapabilities, java.lang.String)[pri:0, instance:com.browserstack.tests.SampleTest@78e94dcf]" started-at="2021-06-21T14:39:33Z" name="testCase1" data-provider="capabilities" finished-at="2021-06-21T14:39:56Z" duration-ms="23403" status="PASS">
          <params>
            <param index="0">
              <value>
                <![CDATA[Capabilities {browserstack.debug: true, build: sage-pub-demo, device: Google Pixel 4, name: parallel_test, os_version: 11.0}]]>
              </value>
            </param>
            <param index="1">
              <value>
                <![CDATA[https://www.google.com/]]>
              </value>
            </param>
          </params>
          <reporter-output>
          </reporter-output>
        </test-method> <!-- testCase1 -->
      </class> <!-- com.browserstack.tests.SampleTest -->
    </test> <!-- Command line test -->
  </suite> <!-- Command line suite -->
</testng-results>
